{"level":"info","message":"API Gateway is running on port 3000","service":"api-gateway","timestamp":"2025-10-11T10:11:19.955Z"}
{"level":"info","message":"user service is running on port http://localhost:3001","service":"api-gateway","timestamp":"2025-10-11T10:11:19.959Z"}
{"level":"info","message":"Post service is running on port http://localhost:3003","service":"api-gateway","timestamp":"2025-10-11T10:11:19.961Z"}
{"level":"info","message":"Media service is running on port http://localhost:3002","service":"api-gateway","timestamp":"2025-10-11T10:11:19.962Z"}
{"level":"info","message":"Search service is running on port http://localhost:3004","service":"api-gateway","timestamp":"2025-10-11T10:11:19.963Z"}
{"level":"info","message":"Received GET request to /api/user-service/register","service":"api-gateway","timestamp":"2025-10-11T10:14:43.852Z"}
{"level":"info","message":"Request body, [object Object]","service":"api-gateway","timestamp":"2025-10-11T10:14:43.855Z"}
{"level":"info","message":"Received POST request to /api/user-service/register","service":"api-gateway","timestamp":"2025-10-11T10:14:50.184Z"}
{"level":"info","message":"Request body, [object Object]","service":"api-gateway","timestamp":"2025-10-11T10:14:50.186Z"}
{"level":"info","message":"Received POST request to /api/user-service/register","service":"api-gateway","timestamp":"2025-10-11T10:15:45.630Z"}
{"level":"info","message":"Request body, [object Object]","service":"api-gateway","timestamp":"2025-10-11T10:15:45.632Z"}
{"level":"info","message":"Received POST request to /v1/user-service/register","service":"api-gateway","timestamp":"2025-10-11T10:16:45.413Z"}
{"level":"info","message":"Request body, [object Object]","service":"api-gateway","timestamp":"2025-10-11T10:16:45.414Z"}
{"level":"info","message":"Response received from Identity service: 400","service":"api-gateway","timestamp":"2025-10-11T10:16:46.219Z"}
{"level":"info","message":"Received POST request to /v1/user-service/register","service":"api-gateway","timestamp":"2025-10-11T10:17:07.834Z"}
{"level":"info","message":"Request body, [object Object]","service":"api-gateway","timestamp":"2025-10-11T10:17:07.835Z"}
{"level":"info","message":"Response received from Identity service: 201","service":"api-gateway","timestamp":"2025-10-11T10:17:08.256Z"}
{"level":"info","message":"Received GET request to /v1/user-service/login","service":"api-gateway","timestamp":"2025-10-11T10:17:53.047Z"}
{"level":"info","message":"Request body, [object Object]","service":"api-gateway","timestamp":"2025-10-11T10:17:53.048Z"}
{"level":"info","message":"Response received from Identity service: 404","service":"api-gateway","timestamp":"2025-10-11T10:17:53.061Z"}
{"level":"info","message":"Received POST request to /v1/user-service/login","service":"api-gateway","timestamp":"2025-10-11T10:17:57.857Z"}
{"level":"info","message":"Request body, [object Object]","service":"api-gateway","timestamp":"2025-10-11T10:17:57.858Z"}
{"level":"info","message":"Response received from Identity service: 200","service":"api-gateway","timestamp":"2025-10-11T10:17:58.179Z"}
