{"level":"info","message":"Post service running on port 3003","service":"user-service","timestamp":"2025-10-10T09:53:53.146Z"}
{"level":"info","message":"Db connected Sucessfully!","service":"user-service","timestamp":"2025-10-10T09:53:53.193Z"}
{"level":"info","message":"Post service running on port 3003","service":"user-service","timestamp":"2025-10-10T09:54:06.031Z"}
{"level":"info","message":"Db connected Sucessfully!","service":"user-service","timestamp":"2025-10-10T09:54:06.057Z"}
{"level":"warn","message":"Access attempted without user ID","service":"user-service","timestamp":"2025-10-10T09:58:39.299Z"}
{"level":"info","message":"Create post endpoint hit","service":"user-service","timestamp":"2025-10-10T09:59:18.403Z"}
{"level":"error","message":"ReferenceError: error is not defined\n    at createPost (D:\\NODEJS\\Myproject\\post-service\\src\\controllers\\post-controller.js:26:41)\n    at Layer.handleRequest (D:\\NODEJS\\Myproject\\post-service\\node_modules\\router\\lib\\layer.js:152:17)\n    at next (D:\\NODEJS\\Myproject\\post-service\\node_modules\\router\\lib\\route.js:157:13)\n    at Route.dispatch (D:\\NODEJS\\Myproject\\post-service\\node_modules\\router\\lib\\route.js:117:3)\n    at handle (D:\\NODEJS\\Myproject\\post-service\\node_modules\\router\\index.js:435:11)\n    at Layer.handleRequest (D:\\NODEJS\\Myproject\\post-service\\node_modules\\router\\lib\\layer.js:152:17)\n    at D:\\NODEJS\\Myproject\\post-service\\node_modules\\router\\index.js:295:15\n    at processParams (D:\\NODEJS\\Myproject\\post-service\\node_modules\\router\\index.js:582:12)\n    at next (D:\\NODEJS\\Myproject\\post-service\\node_modules\\router\\index.js:291:5)\n    at authenticateRequest (D:\\NODEJS\\Myproject\\post-service\\src\\middlewares\\authMiddleware.js:15:3)","service":"user-service","timestamp":"2025-10-10T09:59:18.419Z"}
{"level":"info","message":"Post service running on port 3003","service":"user-service","timestamp":"2025-10-10T10:00:27.194Z"}
{"level":"info","message":"Db connected Sucessfully!","service":"user-service","timestamp":"2025-10-10T10:00:27.231Z"}
{"level":"info","message":"Create post endpoint hit","service":"user-service","timestamp":"2025-10-10T10:00:33.465Z"}
{"level":"error","message":"Error creating post Cannot destructure property 'content' of 'req.body' as it is undefined.","service":"user-service","stack":"TypeError: Cannot destructure property 'content' of 'req.body' as it is undefined.\n    at createPost (D:\\NODEJS\\Myproject\\post-service\\src\\controllers\\post-controller.js:17:13)\n    at Layer.handleRequest (D:\\NODEJS\\Myproject\\post-service\\node_modules\\router\\lib\\layer.js:152:17)\n    at next (D:\\NODEJS\\Myproject\\post-service\\node_modules\\router\\lib\\route.js:157:13)\n    at Route.dispatch (D:\\NODEJS\\Myproject\\post-service\\node_modules\\router\\lib\\route.js:117:3)\n    at handle (D:\\NODEJS\\Myproject\\post-service\\node_modules\\router\\index.js:435:11)\n    at Layer.handleRequest (D:\\NODEJS\\Myproject\\post-service\\node_modules\\router\\lib\\layer.js:152:17)\n    at D:\\NODEJS\\Myproject\\post-service\\node_modules\\router\\index.js:295:15\n    at processParams (D:\\NODEJS\\Myproject\\post-service\\node_modules\\router\\index.js:582:12)\n    at next (D:\\NODEJS\\Myproject\\post-service\\node_modules\\router\\index.js:291:5)\n    at authenticateRequest (D:\\NODEJS\\Myproject\\post-service\\src\\middlewares\\authMiddleware.js:15:3)","timestamp":"2025-10-10T10:00:33.471Z"}
{"level":"info","message":"Post service running on port 3003","service":"user-service","timestamp":"2025-10-10T10:02:07.408Z"}
{"level":"info","message":"Db connected Sucessfully!","service":"user-service","timestamp":"2025-10-10T10:02:07.444Z"}
{"level":"info","message":"Create post endpoint hit","service":"user-service","timestamp":"2025-10-10T10:02:21.861Z"}
{"level":"info","message":"Create post endpoint hit","service":"user-service","timestamp":"2025-10-10T10:03:00.388Z"}
{"_message":"Post validation failed","errors":{"userId":{"kind":"required","message":"Path `userId` is required.","name":"ValidatorError","path":"userId","properties":{"message":"Path `userId` is required.","path":"userId","type":"required"}}},"level":"error","message":"Error creating post Post validation failed: userId: Path `userId` is required.","service":"user-service","stack":"ValidationError: Post validation failed: userId: Path `userId` is required.\n    at Document.invalidate (D:\\NODEJS\\Myproject\\post-service\\node_modules\\mongoose\\lib\\document.js:3362:32)\n    at D:\\NODEJS\\Myproject\\post-service\\node_modules\\mongoose\\lib\\document.js:3123:17\n    at D:\\NODEJS\\Myproject\\post-service\\node_modules\\mongoose\\lib\\schemaType.js:1417:9\n    at process.processTicksAndRejections (node:internal/process/task_queues:85:11)","timestamp":"2025-10-10T10:03:00.444Z"}
{"level":"info","message":"Post service running on port 3003","service":"user-service","timestamp":"2025-10-10T10:03:23.954Z"}
{"level":"info","message":"Db connected Sucessfully!","service":"user-service","timestamp":"2025-10-10T10:03:24.001Z"}
{"level":"info","message":"Post service running on port 3003","service":"user-service","timestamp":"2025-10-10T10:04:08.065Z"}
{"level":"info","message":"Db connected Sucessfully!","service":"user-service","timestamp":"2025-10-10T10:04:08.107Z"}
{"level":"info","message":"Post service running on port 3003","service":"user-service","timestamp":"2025-10-10T10:04:14.822Z"}
{"level":"info","message":"Db connected Sucessfully!","service":"user-service","timestamp":"2025-10-10T10:04:14.850Z"}
{"level":"info","message":"Create post endpoint hit","service":"user-service","timestamp":"2025-10-10T10:04:17.714Z"}
{"level":"info","message":"Post service running on port 3003","service":"user-service","timestamp":"2025-10-10T10:04:47.336Z"}
{"level":"info","message":"Db connected Sucessfully!","service":"user-service","timestamp":"2025-10-10T10:04:47.366Z"}
{"level":"info","message":"Post service running on port 3003","service":"user-service","timestamp":"2025-10-10T10:04:52.395Z"}
{"level":"info","message":"Db connected Sucessfully!","service":"user-service","timestamp":"2025-10-10T10:04:52.426Z"}
{"level":"info","message":"Create post endpoint hit","service":"user-service","timestamp":"2025-10-10T10:04:53.891Z"}
{"level":"info","message":"Post service running on port 3003","service":"user-service","timestamp":"2025-10-10T10:06:59.825Z"}
{"level":"info","message":"Db connected Sucessfully!","service":"user-service","timestamp":"2025-10-10T10:06:59.863Z"}
{"level":"info","message":"Create post endpoint hit","service":"user-service","timestamp":"2025-10-10T10:07:02.691Z"}
{"level":"warn","message":"Access attempted without user ID","service":"user-service","timestamp":"2025-10-10T10:09:09.932Z"}
{"level":"info","message":"Post service running on port 3003","service":"user-service","timestamp":"2025-10-10T10:10:20.284Z"}
{"level":"info","message":"Db connected Sucessfully!","service":"user-service","timestamp":"2025-10-10T10:10:20.314Z"}
{"level":"info","message":"Post service running on port 3003","service":"user-service","timestamp":"2025-10-10T10:15:08.337Z"}
{"level":"info","message":"Db connected Sucessfully!","service":"user-service","timestamp":"2025-10-10T10:15:08.374Z"}
{"level":"info","message":"Post service running on port 3003","service":"user-service","timestamp":"2025-10-10T10:15:29.301Z"}
{"level":"info","message":"Db connected Sucessfully!","service":"user-service","timestamp":"2025-10-10T10:15:29.365Z"}
{"level":"info","message":"Post service running on port 3003","service":"user-service","timestamp":"2025-10-10T10:16:57.183Z"}
{"level":"info","message":"Db connected Sucessfully!","service":"user-service","timestamp":"2025-10-10T10:16:57.241Z"}
{"level":"info","message":"Create post endpoint hit","service":"user-service","timestamp":"2025-10-10T10:17:57.919Z"}
{"level":"info","message":"Post service running on port 3003","service":"user-service","timestamp":"2025-10-11T10:07:39.098Z"}
{"level":"info","message":"Db connected Sucessfully!","service":"user-service","timestamp":"2025-10-11T10:07:39.132Z"}
{"level":"error","message":"Error connecting to RabbitMq connection.createChannel is not a function","service":"user-service","stack":"TypeError: connection.createChannel is not a function\n    at connectToRabbitMQ (D:\\NODEJS\\Myproject\\post-service\\src\\config\\rabbitmq.js:15:31)\n    at startServer (D:\\NODEJS\\Myproject\\post-service\\src\\server.js:27:15)\n    at Object.<anonymous> (D:\\NODEJS\\Myproject\\post-service\\src\\server.js:38:1)\n    at Module._compile (node:internal/modules/cjs/loader:1554:14)\n    at Object..js (node:internal/modules/cjs/loader:1706:10)\n    at Module.load (node:internal/modules/cjs/loader:1289:32)\n    at Function._load (node:internal/modules/cjs/loader:1108:12)\n    at TracingChannel.traceSync (node:diagnostics_channel:322:14)\n    at wrapModuleLoad (node:internal/modules/cjs/loader:220:24)\n    at Function.executeUserEntryPoint [as runMain] (node:internal/modules/run_main:170:5)","timestamp":"2025-10-12T06:15:25.696Z"}
{"level":"info","message":"Post service running on port 3003","service":"user-service","timestamp":"2025-10-12T06:15:25.714Z"}
{"level":"info","message":"Db connected Sucessfully!","service":"user-service","timestamp":"2025-10-12T06:15:25.765Z"}
