{"level":"info","message":"User Service started running at PORT:3001","service":"user-service","timestamp":"2025-10-10T05:28:26.386Z"}
{"level":"info","message":"Db connected Sucessfully!","service":"user-service","timestamp":"2025-10-10T05:28:26.468Z"}
{"level":"info","message":"Registration endpoint hit...","service":"user-service","timestamp":"2025-10-10T05:33:22.752Z"}
{"level":"error","message":"Error in registration: Cannot destructure property 'username' of 'req.body' as it is undefined.","service":"user-service","stack":"TypeError: Cannot destructure property 'username' of 'req.body' as it is undefined.\n    at register (D:\\NODEJS\\Myproject\\user-service\\src\\controllers\\User-controller.js:12:13)\n    at Layer.handleRequest (D:\\NODEJS\\Myproject\\user-service\\node_modules\\router\\lib\\layer.js:152:17)\n    at next (D:\\NODEJS\\Myproject\\user-service\\node_modules\\router\\lib\\route.js:157:13)\n    at Route.dispatch (D:\\NODEJS\\Myproject\\user-service\\node_modules\\router\\lib\\route.js:117:3)\n    at handle (D:\\NODEJS\\Myproject\\user-service\\node_modules\\router\\index.js:435:11)\n    at Layer.handleRequest (D:\\NODEJS\\Myproject\\user-service\\node_modules\\router\\lib\\layer.js:152:17)\n    at D:\\NODEJS\\Myproject\\user-service\\node_modules\\router\\index.js:295:15\n    at processParams (D:\\NODEJS\\Myproject\\user-service\\node_modules\\router\\index.js:582:12)\n    at next (D:\\NODEJS\\Myproject\\user-service\\node_modules\\router\\index.js:291:5)\n    at Function.handle (D:\\NODEJS\\Myproject\\user-service\\node_modules\\router\\index.js:186:3)","timestamp":"2025-10-10T05:33:22.757Z"}
{"level":"info","message":"User Service started running at PORT:3001","service":"user-service","timestamp":"2025-10-10T05:34:47.811Z"}
{"level":"info","message":"Db connected Sucessfully!","service":"user-service","timestamp":"2025-10-10T05:34:47.844Z"}
{"level":"info","message":"User Service started running at PORT:3001","service":"user-service","timestamp":"2025-10-10T05:38:07.649Z"}
{"level":"info","message":"Db connected Sucessfully!","service":"user-service","timestamp":"2025-10-10T05:38:07.708Z"}
{"level":"info","message":"Registration endpoint hit...","service":"user-service","timestamp":"2025-10-10T05:38:24.176Z"}
{"level":"error","message":"Error in registration: email is not defined","service":"user-service","stack":"ReferenceError: email is not defined\n    at register (D:\\NODEJS\\Myproject\\user-service\\src\\controllers\\User-controller.js:22:55)\n    at Layer.handleRequest (D:\\NODEJS\\Myproject\\user-service\\node_modules\\router\\lib\\layer.js:152:17)\n    at next (D:\\NODEJS\\Myproject\\user-service\\node_modules\\router\\lib\\route.js:157:13)\n    at Route.dispatch (D:\\NODEJS\\Myproject\\user-service\\node_modules\\router\\lib\\route.js:117:3)\n    at handle (D:\\NODEJS\\Myproject\\user-service\\node_modules\\router\\index.js:435:11)\n    at Layer.handleRequest (D:\\NODEJS\\Myproject\\user-service\\node_modules\\router\\lib\\layer.js:152:17)\n    at D:\\NODEJS\\Myproject\\user-service\\node_modules\\router\\index.js:295:15\n    at processParams (D:\\NODEJS\\Myproject\\user-service\\node_modules\\router\\index.js:582:12)\n    at next (D:\\NODEJS\\Myproject\\user-service\\node_modules\\router\\index.js:291:5)\n    at Function.handle (D:\\NODEJS\\Myproject\\user-service\\node_modules\\router\\index.js:186:3)","timestamp":"2025-10-10T05:38:24.193Z"}
{"level":"info","message":"User Service started running at PORT:3001","service":"user-service","timestamp":"2025-10-10T05:39:16.428Z"}
{"level":"info","message":"Db connected Sucessfully!","service":"user-service","timestamp":"2025-10-10T05:39:16.480Z"}
{"level":"info","message":"Registration endpoint hit...","service":"user-service","timestamp":"2025-10-10T05:39:21.068Z"}
{"level":"info","message":"Registration endpoint hit...","service":"user-service","timestamp":"2025-10-10T05:40:16.054Z"}
{"0":"\"","1":"p","10":" ","11":"l","12":"e","13":"n","14":"g","15":"t","16":"h","17":" ","18":"m","19":"u","2":"a","20":"s","21":"t","22":" ","23":"b","24":"e","25":" ","26":"a","27":"t","28":" ","29":"l","3":"s","30":"e","31":"a","32":"s","33":"t","34":" ","35":"6","36":" ","37":"c","38":"h","39":"a","4":"s","40":"r","41":"a","42":"c","43":"t","44":"e","45":"r","46":"s","47":" ","48":"l","49":"o","5":"w","50":"n","51":"g","6":"o","7":"r","8":"d","9":"\"","level":"warn","message":"Validation error during registration:","service":"user-service","timestamp":"2025-10-10T05:40:16.080Z"}
{"level":"info","message":"Registration endpoint hit...","service":"user-service","timestamp":"2025-10-10T05:40:24.360Z"}
{"buffer":{"data":[104,232,156,72,246,22,19,203,78,118,113,177],"type":"Buffer"},"level":"info","message":"User registered successfully:","service":"user-service","timestamp":"2025-10-10T05:40:24.905Z"}
{"level":"info","message":"User Service started running at PORT:3001","service":"user-service","timestamp":"2025-10-10T05:41:31.050Z"}
{"level":"info","message":"Db connected Sucessfully!","service":"user-service","timestamp":"2025-10-10T05:41:31.104Z"}
{"level":"error","message":"SyntaxError: Unexpected end of JSON input\n    at JSON.parse (<anonymous>)\n    at createStrictSyntaxError (D:\\NODEJS\\Myproject\\user-service\\node_modules\\body-parser\\lib\\types\\json.js:156:10)\n    at parse (D:\\NODEJS\\Myproject\\user-service\\node_modules\\body-parser\\lib\\types\\json.js:71:15)\n    at D:\\NODEJS\\Myproject\\user-service\\node_modules\\body-parser\\lib\\read.js:123:18\n    at AsyncResource.runInAsyncScope (node:async_hooks:211:14)\n    at invokeCallback (D:\\NODEJS\\Myproject\\user-service\\node_modules\\raw-body\\index.js:238:16)\n    at done (D:\\NODEJS\\Myproject\\user-service\\node_modules\\raw-body\\index.js:227:7)\n    at IncomingMessage.onEnd (D:\\NODEJS\\Myproject\\user-service\\node_modules\\raw-body\\index.js:287:7)\n    at IncomingMessage.emit (node:events:518:28)\n    at endReadableNT (node:internal/streams/readable:1698:12)","service":"user-service","timestamp":"2025-10-10T05:41:37.142Z"}
{"level":"info","message":"User Service started running at PORT:3001","service":"user-service","timestamp":"2025-10-10T05:42:00.354Z"}
{"level":"info","message":"Db connected Sucessfully!","service":"user-service","timestamp":"2025-10-10T05:42:00.411Z"}
{"level":"error","message":"SyntaxError: Unexpected end of JSON input\n    at JSON.parse (<anonymous>)\n    at createStrictSyntaxError (D:\\NODEJS\\Myproject\\user-service\\node_modules\\body-parser\\lib\\types\\json.js:156:10)\n    at parse (D:\\NODEJS\\Myproject\\user-service\\node_modules\\body-parser\\lib\\types\\json.js:71:15)\n    at D:\\NODEJS\\Myproject\\user-service\\node_modules\\body-parser\\lib\\read.js:123:18\n    at AsyncResource.runInAsyncScope (node:async_hooks:211:14)\n    at invokeCallback (D:\\NODEJS\\Myproject\\user-service\\node_modules\\raw-body\\index.js:238:16)\n    at done (D:\\NODEJS\\Myproject\\user-service\\node_modules\\raw-body\\index.js:227:7)\n    at IncomingMessage.onEnd (D:\\NODEJS\\Myproject\\user-service\\node_modules\\raw-body\\index.js:287:7)\n    at IncomingMessage.emit (node:events:518:28)\n    at endReadableNT (node:internal/streams/readable:1698:12)","service":"user-service","timestamp":"2025-10-10T05:42:02.897Z"}
{"level":"error","message":"SyntaxError: Unexpected end of JSON input\n    at JSON.parse (<anonymous>)\n    at createStrictSyntaxError (D:\\NODEJS\\Myproject\\user-service\\node_modules\\body-parser\\lib\\types\\json.js:156:10)\n    at parse (D:\\NODEJS\\Myproject\\user-service\\node_modules\\body-parser\\lib\\types\\json.js:71:15)\n    at D:\\NODEJS\\Myproject\\user-service\\node_modules\\body-parser\\lib\\read.js:123:18\n    at AsyncResource.runInAsyncScope (node:async_hooks:211:14)\n    at invokeCallback (D:\\NODEJS\\Myproject\\user-service\\node_modules\\raw-body\\index.js:238:16)\n    at done (D:\\NODEJS\\Myproject\\user-service\\node_modules\\raw-body\\index.js:227:7)\n    at IncomingMessage.onEnd (D:\\NODEJS\\Myproject\\user-service\\node_modules\\raw-body\\index.js:287:7)\n    at IncomingMessage.emit (node:events:518:28)\n    at endReadableNT (node:internal/streams/readable:1698:12)","service":"user-service","timestamp":"2025-10-10T05:42:04.993Z"}
{"level":"info","message":"Login endpoint hit...","service":"user-service","timestamp":"2025-10-10T05:42:19.810Z"}
{"level":"info","message":"Login endpoint hit...","service":"user-service","timestamp":"2025-10-10T05:42:28.133Z"}
{"buffer":{"data":[104,232,156,72,246,22,19,203,78,118,113,177],"type":"Buffer"},"level":"info","message":"Login successful for user:","service":"user-service","timestamp":"2025-10-10T05:42:28.570Z"}
{"level":"info","message":"Login endpoint hit...","service":"user-service","timestamp":"2025-10-10T05:46:35.641Z"}
{"buffer":{"data":[104,232,156,72,246,22,19,203,78,118,113,177],"type":"Buffer"},"level":"info","message":"Login successful for user:","service":"user-service","timestamp":"2025-10-10T05:46:35.787Z"}
{"level":"info","message":"User Service started running at PORT:3001","service":"user-service","timestamp":"2025-10-10T08:21:06.270Z"}
{"level":"info","message":"Db connected Sucessfully!","service":"user-service","timestamp":"2025-10-10T08:21:06.341Z"}
{"level":"info","message":"Login endpoint hit...","service":"user-service","timestamp":"2025-10-10T08:21:18.260Z"}
{"buffer":{"data":[104,232,156,72,246,22,19,203,78,118,113,177],"type":"Buffer"},"level":"info","message":"Login successful for user:","service":"user-service","timestamp":"2025-10-10T08:21:18.739Z"}
{"level":"info","message":"Refresh token endpoint hit...","service":"user-service","timestamp":"2025-10-10T08:22:48.539Z"}
{"buffer":{"data":[104,232,156,72,246,22,19,203,78,118,113,177],"type":"Buffer"},"level":"info","message":"New tokens generated for user:","service":"user-service","timestamp":"2025-10-10T08:22:48.592Z"}
{"level":"info","message":"Refresh token endpoint hit...","service":"user-service","timestamp":"2025-10-10T08:23:24.746Z"}
{"buffer":{"data":[104,232,156,72,246,22,19,203,78,118,113,177],"type":"Buffer"},"level":"info","message":"New tokens generated for user:","service":"user-service","timestamp":"2025-10-10T08:23:24.770Z"}
{"level":"info","message":"Refresh token endpoint hit...","service":"user-service","timestamp":"2025-10-10T08:23:47.331Z"}
{"buffer":{"data":[104,232,156,72,246,22,19,203,78,118,113,177],"type":"Buffer"},"level":"info","message":"New tokens generated for user:","service":"user-service","timestamp":"2025-10-10T08:23:47.364Z"}
{"level":"info","message":"Refresh token endpoint hit...","service":"user-service","timestamp":"2025-10-10T08:26:40.479Z"}
{"level":"warn","message":"Refresh token missing!","service":"user-service","timestamp":"2025-10-10T08:26:40.480Z"}
{"level":"info","message":"User Service started running at PORT:3001","service":"user-service","timestamp":"2025-10-11T10:07:16.508Z"}
{"level":"info","message":"Db connected Sucessfully!","service":"user-service","timestamp":"2025-10-11T10:07:16.576Z"}
{"level":"info","message":"Registration endpoint hit...","service":"user-service","timestamp":"2025-10-11T10:16:46.064Z"}
{"level":"warn","message":"User already exists with this email or username!","service":"user-service","timestamp":"2025-10-11T10:16:46.187Z"}
{"level":"info","message":"Registration endpoint hit...","service":"user-service","timestamp":"2025-10-11T10:17:07.849Z"}
{"buffer":{"data":[104,234,46,163,240,187,171,31,40,23,80,234],"type":"Buffer"},"level":"info","message":"User registered successfully:","service":"user-service","timestamp":"2025-10-11T10:17:08.252Z"}
{"level":"info","message":"Login endpoint hit...","service":"user-service","timestamp":"2025-10-11T10:17:57.867Z"}
{"buffer":{"data":[104,234,46,163,240,187,171,31,40,23,80,234],"type":"Buffer"},"level":"info","message":"Login successful for user:","service":"user-service","timestamp":"2025-10-11T10:17:58.174Z"}
{"level":"info","message":"User Service started running at PORT:3001","service":"user-service","timestamp":"2025-10-12T06:10:22.311Z"}
{"level":"info","message":"Db connected Sucessfully!","service":"user-service","timestamp":"2025-10-12T06:10:22.370Z"}
{"level":"info","message":"Login endpoint hit...","service":"user-service","timestamp":"2025-10-12T06:22:52.029Z"}
{"buffer":{"data":[104,232,156,72,246,22,19,203,78,118,113,177],"type":"Buffer"},"level":"info","message":"Login successful for user:","service":"user-service","timestamp":"2025-10-12T06:22:52.461Z"}
